<?xml version="1.0" encoding="UTF-8"?>
<!-- Generated by org.testng.reporters.JUnitReportReporter -->
<testsuite hostname="DESKTOP-3QKDSQ4" failures="0" tests="1" name="testCases.TC_001oginToApplication" time="2.472" errors="0" timestamp="2024-09-26T13:04:22 IST" skipped="0">
  <testcase classname="testCases.TC_001oginToApplication" name="Login_orengHRM" time="2.472"/>
</testsuite> <!-- testCases.TC_001oginToApplication -->
