<?xml version="1.0" encoding="UTF-8"?>
<!-- Generated by org.testng.reporters.JUnitReportReporter -->
<testsuite hostname="DESKTOP-3QKDSQ4" failures="0" tests="1" name="testCases.TC_001oginToApplication" time="2.161" errors="0" timestamp="2024-09-27T11:46:57 IST" skipped="0">
  <testcase classname="testCases.TC_001oginToApplication" name="Login_orengHRM" time="2.161"/>
</testsuite> <!-- testCases.TC_001oginToApplication -->
